# JRE version: Java(TM) SE Runtime Environment (8.0_211-b12) (build 1.8.0_211-b12)
# Java VM: Java HotSpot(TM) 64-Bit Server VM (25.211-b12 mixed mode windows-amd64 compressed oops)
Heap:
 PSYoungGen      total 332800K, used 4648K [0x00000000eab00000, 0x00000000ff800000, 0x0000000100000000)
  eden space 324608K, 0% used [0x00000000eab00000,0x00000000eab00000,0x00000000fe800000)
  from space 8192K, 56% used [0x00000000ff000000,0x00000000ff48a238,0x00000000ff800000)
  to   space 8192K, 0% used [0x00000000fe800000,0x00000000fe800000,0x00000000ff000000)
 ParOldGen       total 67072K, used 32659K [0x00000000c0000000, 0x00000000c4180000, 0x00000000eab00000)
  object space 67072K, 48% used [0x00000000c0000000,0x00000000c1fe4ec8,0x00000000c4180000)
 Metaspace       used 69347K, capacity 73546K, committed 73896K, reserved 1114112K
  class space    used 8179K, capacity 9032K, committed 9128K, reserved 1048576K
GC Heap History (10 events):
Event: 2075.555 GC heap after
Heap after GC invocations=62 (full 24):
 PSYoungGen      total 333312K, used 4660K [0x00000000eab00000, 0x00000000ff900000, 0x0000000100000000)
  eden space 324608K, 0% used [0x00000000eab00000,0x00000000eab00000,0x00000000fe800000)
  from space 8704K, 53% used [0x00000000ff080000,0x00000000ff50d248,0x00000000ff900000)
  to   space 8704K, 0% used [0x00000000fe800000,0x00000000fe800000,0x00000000ff080000)
 ParOldGen       total 67072K, used 31465K [0x00000000c0000000, 0x00000000c4180000, 0x00000000eab00000)
  object space 67072K, 46% used [0x00000000c0000000,0x00000000c1eba7b0,0x00000000c4180000)
 Metaspace       used 67942K, capacity 72066K, committed 72232K, reserved 1112064K
  class space    used 8065K, capacity 8884K, committed 9000K, reserved 1048576K
}
Event: 2075.555 GC heap before
{Heap before GC invocations=63 (full 25):
 PSYoungGen      total 333312K, used 4660K [0x00000000eab00000, 0x00000000ff900000, 0x0000000100000000)
  eden space 324608K, 0% used [0x00000000eab00000,0x00000000eab00000,0x00000000fe800000)
  from space 8704K, 53% used [0x00000000ff080000,0x00000000ff50d248,0x00000000ff900000)
  to   space 8704K, 0% used [0x00000000fe800000,0x00000000fe800000,0x00000000ff080000)
 ParOldGen       total 67072K, used 31465K [0x00000000c0000000, 0x00000000c4180000, 0x00000000eab00000)
  object space 67072K, 46% used [0x00000000c0000000,0x00000000c1eba7b0,0x00000000c4180000)
 Metaspace       used 67942K, capacity 72066K, committed 72232K, reserved 1112064K
  class space    used 8065K, capacity 8884K, committed 9000K, reserved 1048576K
Event: 2075.788 GC heap after
Heap after GC invocations=63 (full 25):
 PSYoungGen      total 333312K, used 0K [0x00000000eab00000, 0x00000000ff900000, 0x0000000100000000)
  eden space 324608K, 0% used [0x00000000eab00000,0x00000000eab00000,0x00000000fe800000)
  from space 8704K, 0% used [0x00000000ff080000,0x00000000ff080000,0x00000000ff900000)
  to   space 8704K, 0% used [0x00000000fe800000,0x00000000fe800000,0x00000000ff080000)
 ParOldGen       total 67072K, used 32084K [0x00000000c0000000, 0x00000000c4180000, 0x00000000eab00000)
  object space 67072K, 47% used [0x00000000c0000000,0x00000000c1f55360,0x00000000c4180000)
 Metaspace       used 67914K, capacity 72018K, committed 72232K, reserved 1112064K
  class space    used 8060K, capacity 8875K, committed 9000K, reserved 1048576K
}
Event: 2082.605 GC heap before
{Heap before GC invocations=64 (full 25):
 PSYoungGen      total 333312K, used 224029K [0x00000000eab00000, 0x00000000ff900000, 0x0000000100000000)
  eden space 324608K, 69% used [0x00000000eab00000,0x00000000f85c7660,0x00000000fe800000)
  from space 8704K, 0% used [0x00000000ff080000,0x00000000ff080000,0x00000000ff900000)
  to   space 8704K, 0% used [0x00000000fe800000,0x00000000fe800000,0x00000000ff080000)
 ParOldGen       total 67072K, used 32084K [0x00000000c0000000, 0x00000000c4180000, 0x00000000eab00000)
  object space 67072K, 47% used [0x00000000c0000000,0x00000000c1f55360,0x00000000c4180000)
 Metaspace       used 68646K, capacity 72806K, committed 73000K, reserved 1114112K
  class space    used 8122K, capacity 8958K, committed 9000K, reserved 1048576K
Event: 2082.619 GC heap after
Heap after GC invocations=64 (full 25):
 PSYoungGen      total 329728K, used 4642K [0x00000000eab00000, 0x00000000ff800000, 0x0000000100000000)
  eden space 324608K, 0% used [0x00000000eab00000,0x00000000eab00000,0x00000000fe800000)
  from space 5120K, 90% used [0x00000000fe800000,0x00000000fec88940,0x00000000fed00000)
  to   space 8192K, 0% used [0x00000000ff000000,0x00000000ff000000,0x00000000ff800000)
 ParOldGen       total 67072K, used 32092K [0x00000000c0000000, 0x00000000c4180000, 0x00000000eab00000)
  object space 67072K, 47% used [0x00000000c0000000,0x00000000c1f57360,0x00000000c4180000)
 Metaspace       used 68646K, capacity 72806K, committed 73000K, reserved 1114112K
  class space    used 8122K, capacity 8958K, committed 9000K, reserved 1048576K
}
Event: 2082.619 GC heap before
{Heap before GC invocations=65 (full 26):
 PSYoungGen      total 329728K, used 4642K [0x00000000eab00000, 0x00000000ff800000, 0x0000000100000000)
  eden space 324608K, 0% used [0x00000000eab00000,0x00000000eab00000,0x00000000fe800000)
  from space 5120K, 90% used [0x00000000fe800000,0x00000000fec88940,0x00000000fed00000)
  to   space 8192K, 0% used [0x00000000ff000000,0x00000000ff000000,0x00000000ff800000)
 ParOldGen       total 67072K, used 32092K [0x00000000c0000000, 0x00000000c4180000, 0x00000000eab00000)
  object space 67072K, 47% used [0x00000000c0000000,0x00000000c1f57360,0x00000000c4180000)
 Metaspace       used 68646K, capacity 72806K, committed 73000K, reserved 1114112K
  class space    used 8122K, capacity 8958K, committed 9000K, reserved 1048576K
Event: 2082.856 GC heap after
Heap after GC invocations=65 (full 26):
 PSYoungGen      total 329728K, used 0K [0x00000000eab00000, 0x00000000ff800000, 0x0000000100000000)
  eden space 324608K, 0% used [0x00000000eab00000,0x00000000eab00000,0x00000000fe800000)
  from space 5120K, 0% used [0x00000000fe800000,0x00000000fe800000,0x00000000fed00000)
  to   space 8192K, 0% used [0x00000000ff000000,0x00000000ff000000,0x00000000ff800000)
 ParOldGen       total 67072K, used 32651K [0x00000000c0000000, 0x00000000c4180000, 0x00000000eab00000)
  object space 67072K, 48% used [0x00000000c0000000,0x00000000c1fe2ec8,0x00000000c4180000)
 Metaspace       used 68617K, capacity 72758K, committed 73000K, reserved 1114112K
  class space    used 8117K, capacity 8949K, committed 9000K, reserved 1048576K
}
Event: 2089.837 GC heap before
{Heap before GC invocations=66 (full 26):
 PSYoungGen      total 329728K, used 221172K [0x00000000eab00000, 0x00000000ff800000, 0x0000000100000000)
  eden space 324608K, 68% used [0x00000000eab00000,0x00000000f82fd010,0x00000000fe800000)
  from space 5120K, 0% used [0x00000000fe800000,0x00000000fe800000,0x00000000fed00000)
  to   space 8192K, 0% used [0x00000000ff000000,0x00000000ff000000,0x00000000ff800000)
 ParOldGen       total 67072K, used 32651K [0x00000000c0000000, 0x00000000c4180000, 0x00000000eab00000)
  object space 67072K, 48% used [0x00000000c0000000,0x00000000c1fe2ec8,0x00000000c4180000)
 Metaspace       used 69347K, capacity 73546K, committed 73896K, reserved 1114112K
  class space    used 8179K, capacity 9032K, committed 9128K, reserved 1048576K
Event: 2089.845 GC heap after
Heap after GC invocations=66 (full 26):
 PSYoungGen      total 332800K, used 4648K [0x00000000eab00000, 0x00000000ff800000, 0x0000000100000000)
  eden space 324608K, 0% used [0x00000000eab00000,0x00000000eab00000,0x00000000fe800000)
  from space 8192K, 56% used [0x00000000ff000000,0x00000000ff48a238,0x00000000ff800000)
  to   space 8192K, 0% used [0x00000000fe800000,0x00000000fe800000,0x00000000ff000000)
 ParOldGen       total 67072K, used 32659K [0x00000000c0000000, 0x00000000c4180000, 0x00000000eab00000)
  object space 67072K, 48% used [0x00000000c0000000,0x00000000c1fe4ec8,0x00000000c4180000)
 Metaspace       used 69347K, capacity 73546K, committed 73896K, reserved 1114112K
  class space    used 8179K, capacity 9032K, committed 9128K, reserved 1048576K
}
Event: 2089.845 GC heap before
{Heap before GC invocations=67 (full 27):
 PSYoungGen      total 332800K, used 4648K [0x00000000eab00000, 0x00000000ff800000, 0x0000000100000000)
  eden space 324608K, 0% used [0x00000000eab00000,0x00000000eab00000,0x00000000fe800000)
  from space 8192K, 56% used [0x00000000ff000000,0x00000000ff48a238,0x00000000ff800000)
  to   space 8192K, 0% used [0x00000000fe800000,0x00000000fe800000,0x00000000ff000000)
 ParOldGen       total 67072K, used 32659K [0x00000000c0000000, 0x00000000c4180000, 0x00000000eab00000)
  object space 67072K, 48% used [0x00000000c0000000,0x00000000c1fe4ec8,0x00000000c4180000)
 Metaspace       used 69347K, capacity 73546K, committed 73896K, reserved 1114112K
  class space    used 8179K, capacity 9032K, committed 9128K, reserved 1048576K

